c:\users\ryangoud\desktop\nyucodebase\nyucodebase\debug\vc120.pdb
c:\users\ryangoud\desktop\nyucodebase\nyucodebase\debug\vc120.idb
c:\users\ryangoud\desktop\nyucodebase\nyucodebase\debug\main.obj
c:\users\ryangoud\desktop\nyucodebase\nyucodebase\debug\matrix.obj
c:\users\ryangoud\desktop\nyucodebase\nyucodebase\debug\shaderprogram.obj
c:\nyucodebase\nyucodebase\debug\vc120.pdb
c:\nyucodebase\nyucodebase\debug\vc120.idb
c:\nyucodebase\nyucodebase\debug\main.obj
c:\nyucodebase\nyucodebase\debug\matrix.obj
c:\nyucodebase\nyucodebase\debug\shaderprogram.obj
c:\users\ryangoud\desktop\nyucodebase\debug\nyucodebase.ilk
c:\users\ryangoud\desktop\nyucodebase\debug\nyucodebase.exe
c:\users\ryangoud\desktop\nyucodebase\debug\nyucodebase.pdb
c:\nyucodebase\debug\nyucodebase.ilk
c:\nyucodebase\debug\nyucodebase.exe
c:\nyucodebase\debug\nyucodebase.pdb
c:\nyucodebase\nyucodebase\debug\nyucodebase.tlog\cl.command.1.tlog
c:\nyucodebase\nyucodebase\debug\nyucodebase.tlog\cl.read.1.tlog
c:\nyucodebase\nyucodebase\debug\nyucodebase.tlog\cl.write.1.tlog
c:\nyucodebase\nyucodebase\debug\nyucodebase.tlog\link.command.1.tlog
c:\nyucodebase\nyucodebase\debug\nyucodebase.tlog\link.read.1.tlog
c:\nyucodebase\nyucodebase\debug\nyucodebase.tlog\link.write.1.tlog
